mode: set
github.com/polluxdev/go-booking-app/internal/handlers/handlers.go:20.47,24.2 1 1
github.com/polluxdev/go-booking-app/internal/handlers/handlers.go:26.33,28.2 1 1
github.com/polluxdev/go-booking-app/internal/handlers/handlers.go:30.67,32.2 1 1
github.com/polluxdev/go-booking-app/internal/handlers/handlers.go:34.68,36.2 1 1
github.com/polluxdev/go-booking-app/internal/handlers/handlers.go:38.70,40.2 1 1
github.com/polluxdev/go-booking-app/internal/handlers/handlers.go:42.69,44.2 1 1
github.com/polluxdev/go-booking-app/internal/handlers/handlers.go:46.73,49.2 2 1
github.com/polluxdev/go-booking-app/internal/handlers/handlers.go:56.77,63.16 3 1
github.com/polluxdev/go-booking-app/internal/handlers/handlers.go:67.2,68.18 2 1
github.com/polluxdev/go-booking-app/internal/handlers/handlers.go:63.16,65.3 1 0
github.com/polluxdev/go-booking-app/internal/handlers/handlers.go:71.70,73.2 1 1
github.com/polluxdev/go-booking-app/internal/handlers/handlers.go:75.68,77.2 1 1
github.com/polluxdev/go-booking-app/internal/handlers/handlers.go:79.78,89.2 4 1
github.com/polluxdev/go-booking-app/internal/handlers/handlers.go:91.82,93.16 2 1
github.com/polluxdev/go-booking-app/internal/handlers/handlers.go:98.2,110.19 6 1
github.com/polluxdev/go-booking-app/internal/handlers/handlers.go:121.2,122.66 2 1
github.com/polluxdev/go-booking-app/internal/handlers/handlers.go:93.16,96.3 2 0
github.com/polluxdev/go-booking-app/internal/handlers/handlers.go:110.19,119.3 4 0
github.com/polluxdev/go-booking-app/internal/handlers/handlers.go:125.81,127.9 2 1
github.com/polluxdev/go-booking-app/internal/handlers/handlers.go:135.2,142.4 4 0
github.com/polluxdev/go-booking-app/internal/handlers/handlers.go:127.9,133.3 4 1
